<?xml version="1.0" encoding="UTF-8"?>
<testng-results ignored="0" total="1" passed="1" failed="0" skipped="0">
  <reporter-output>
  </reporter-output>
  <suite started-at="2025-12-14T23:24:08 EST" name="Default suite" finished-at="2025-12-14T23:24:18 EST" duration-ms="9194">
    <groups>
    </groups>
    <test started-at="2025-12-14T23:24:08 EST" name="Default test" finished-at="2025-12-14T23:24:18 EST" duration-ms="9194">
      <class name="tests.searchSyncTest">
        <test-method is-config="true" signature="setup()[pri:0, instance:tests.searchSyncTest@2e385cce]" started-at="2025-12-14T23:24:08 EST" name="setup" finished-at="2025-12-14T23:24:12 EST" duration-ms="3330" status="PASS">
          <reporter-output>
          </reporter-output>
        </test-method> <!-- setup -->
        <test-method signature="testSearchConsistency()[pri:0, instance:tests.searchSyncTest@2e385cce]" started-at="2025-12-14T23:24:12 EST" name="testSearchConsistency" finished-at="2025-12-14T23:24:17 EST" duration-ms="5446" status="PASS">
          <reporter-output>
          </reporter-output>
        </test-method> <!-- testSearchConsistency -->
        <test-method is-config="true" signature="teardown()[pri:0, instance:tests.searchSyncTest@2e385cce]" started-at="2025-12-14T23:24:17 EST" name="teardown" finished-at="2025-12-14T23:24:18 EST" duration-ms="373" status="PASS">
          <reporter-output>
          </reporter-output>
        </test-method> <!-- teardown -->
      </class> <!-- tests.searchSyncTest -->
    </test> <!-- Default test -->
  </suite> <!-- Default suite -->
</testng-results>
